2026-06-04T07:52:36Z INF Thank you for trying Cloudflare Tunnel. Doing so, without a Cloudflare account, is a quick way to experiment and try it out. However, be aware that these account-less Tunnels have no uptime guarantee, are subject to the Cloudflare Online Services Terms of Use (https://www.cloudflare.com/website-terms/), and Cloudflare reserves the right to investigate your use of Tunnels for violations of such terms. If you intend to use Tunnels in production you should use a pre-created named tunnel by following: https://developers.cloudflare.com/cloudflare-one/connections/connect-apps
2026-06-04T07:52:36Z INF Requesting new quick Tunnel on trycloudflare.com...
2026-06-04T07:52:42Z INF +--------------------------------------------------------------------------------------------+
2026-06-04T07:52:42Z INF |  Your quick Tunnel has been created! Visit it at (it may take some time to be reachable):  |
2026-06-04T07:52:42Z INF |  https://durable-blond-columns-cotton.trycloudflare.com                                    |
2026-06-04T07:52:42Z INF +--------------------------------------------------------------------------------------------+
2026-06-04T07:52:42Z INF Cannot determine default configuration path. No file [config.yml config.yaml] in [~/.cloudflared ~/.cloudflare-warp ~/cloudflare-warp]
2026-06-04T07:52:42Z INF Version 2026.5.2 (Checksum 20b9638f685333d623798e733effbad2487093f15ba592f6c7752360ff3b7ab7)
2026-06-04T07:52:42Z INF GOOS: windows, GOVersion: go1.26.3, GoArch: amd64
2026-06-04T07:52:42Z INF Settings: map[ha-connections:1 http-host-header:localhost:5175 protocol:quic url:http://localhost:5175]
2026-06-04T07:52:42Z INF cloudflared will not automatically update on Windows systems.
2026-06-04T07:52:42Z INF Generated Connector ID: eb8fbf08-6c24-4539-a607-23204359a88b
2026-06-04T07:52:42Z INF Initial protocol quic
2026-06-04T07:52:42Z INF ICMP proxy will use 10.230.208.55 as source for IPv4
2026-06-04T07:52:42Z INF ICMP proxy will use 2409:40f2:217c:f537:f760:bf4f:2c56:4d93 in zone Wi-Fi 2 as source for IPv6
2026-06-04T07:52:42Z INF cloudflared does not support loading the system root certificate pool on Windows. Please use --origin-ca-pool <PATH> to specify the path to the certificate pool
2026-06-04T07:52:42Z INF ICMP proxy will use 10.230.208.55 as source for IPv4
2026-06-04T07:52:42Z INF Tunnel connection curve preferences: [X25519MLKEM768 CurveID(65074) CurveP256] connIndex=0 event=0 ip=2606:4700:a0::10
2026-06-04T07:52:42Z INF ICMP proxy will use 2409:40f2:217c:f537:f760:bf4f:2c56:4d93 in zone Wi-Fi 2 as source for IPv6
2026-06-04T07:52:42Z INF Starting metrics server on 127.0.0.1:20241/metrics
2026-06-04T07:52:43Z INF +-------------------------------------------------------------------------------------+
2026-06-04T07:52:43Z INF |                               CONNECTIVITY PRE-CHECKS                               |
2026-06-04T07:52:43Z INF +-------------------------------------------------------------------------------------+
2026-06-04T07:52:43Z INF |  COMPONENT         TARGET                     STATUS  DETAILS                       |
2026-06-04T07:52:43Z INF |  DNS Resolution    region1.v2.argotunnel.com  PASS    DNS Resolved successfully     |
2026-06-04T07:52:43Z INF |  DNS Resolution    region2.v2.argotunnel.com  PASS    DNS Resolved successfully     |
2026-06-04T07:52:43Z INF |  UDP Connectivity  region1.v2.argotunnel.com  PASS    QUIC connection successful    |
2026-06-04T07:52:43Z INF |  UDP Connectivity  region2.v2.argotunnel.com  PASS    QUIC connection successful    |
2026-06-04T07:52:43Z INF Registered tunnel connection connIndex=0 connection=b130bb13-0a66-43aa-8740-fe7a56b84182 event=0 ip=2606:4700:a0::10 location=maa05 protocol=quic
2026-06-04T07:52:43Z INF |  TCP Connectivity  region1.v2.argotunnel.com  PASS    HTTP/2 connection successful  |
2026-06-04T07:52:43Z INF |  TCP Connectivity  region2.v2.argotunnel.com  PASS    HTTP/2 connection successful  |
2026-06-04T07:52:43Z INF |  Cloudflare API    api.cloudflare.com:443     PASS    API is reachable              |
2026-06-04T07:52:43Z INF |                                                                                     |
2026-06-04T07:52:43Z INF |  SUMMARY: Environment is healthy. cloudflared will use 'quic' as primary protocol.  |
2026-06-04T07:52:43Z INF +-------------------------------------------------------------------------------------+
2026-06-04T07:52:43Z INF precheck component="DNS Resolution" details="DNS Resolved successfully" run_id=bafaad61-6c99-4e57-b69f-ab77c362f388 status=pass target=region1.v2.argotunnel.com
2026-06-04T07:52:43Z INF precheck component="DNS Resolution" details="DNS Resolved successfully" run_id=bafaad61-6c99-4e57-b69f-ab77c362f388 status=pass target=region2.v2.argotunnel.com
2026-06-04T07:52:43Z INF precheck component="UDP Connectivity" details="QUIC connection successful" run_id=bafaad61-6c99-4e57-b69f-ab77c362f388 status=pass target=region1.v2.argotunnel.com
2026-06-04T07:52:43Z INF precheck component="UDP Connectivity" details="QUIC connection successful" run_id=bafaad61-6c99-4e57-b69f-ab77c362f388 status=pass target=region2.v2.argotunnel.com
2026-06-04T07:52:43Z INF precheck component="TCP Connectivity" details="HTTP/2 connection successful" run_id=bafaad61-6c99-4e57-b69f-ab77c362f388 status=pass target=region1.v2.argotunnel.com
2026-06-04T07:52:43Z INF precheck component="TCP Connectivity" details="HTTP/2 connection successful" run_id=bafaad61-6c99-4e57-b69f-ab77c362f388 status=pass target=region2.v2.argotunnel.com
2026-06-04T07:52:43Z INF precheck component="Cloudflare API" details="API is reachable" run_id=bafaad61-6c99-4e57-b69f-ab77c362f388 status=pass target=api.cloudflare.com:443
2026-06-04T07:52:43Z INF precheck complete hard_fail=false run_id=bafaad61-6c99-4e57-b69f-ab77c362f388 suggested_protocol=quic
